# CVS $Revision$ $Author$ -- Tue Dec 15 01:48:08 2015 -- reformated by PCGen PrettyLST v6.06.00
SOURCELONG:Planar Adventures	SOURCESHORT:PA	SOURCEWEB:https://paizo.com/products/btpya1am	SOURCEDATE:2018-06

# Class Feature Blank
#	KEY:xxx ~
#	CATEGORY:Special Ability
#	TYPE:xxx Class Feature.SpecialQuality
#	SOURCEPAGE:p.
#	DESC:

# Race or Racial Trait Blank
#	KEY:xxx ~
#	CATEGORY:Special Ability
#	TYPE:xxx Race Trait.Race Trait.SpecialQuality
#	SOURCEPAGE:p.
#	DESC:


###Block: Barbarian Abilities
# Ability Name	Unique Key			Category of Ability		Type						Description																																																																																																																																																																																																																					Modify VAR					Source Page
#	Rage		KEY:Barbarian ~ Rage	CATEGORY:Special Ability	TYPE:Barbarian Class Feature.Rage	DESC:You can call upon inner reserves of strength and ferocity, granting you additional combat prowess. You can rage for %1 rounds per day. You can enter rage as a free action. The total number of rounds of rage per day is renewed after resting for 8 hours, although these hours do not need to be consecutive. While in rage, you gain a +%2 morale bonus to your Strength and a +%3 morale bonus to Constitution, as well as a +%4 morale bonus on Will saves. In addition, you take a -2 penalty to Armor Class. The increase to Constitution grants you %5 hit points, but these disappear when the rage ends and are not lost first like temporary hit points. While in rage, you cannot use any Charisma-, Dexterity-, or Intelligence-based skills (except Acrobatics, Fly, Intimidate, and Ride) or any ability that requires patience or concentration. You can end your rage as a free action and are fatigued after rage for a number of rounds equal to 2 times the number of rounds spent in the rage. You cannot enter a new rage while fatigued or exhausted but can otherwise enter rage multiple times during a single encounter or combat. If you fall unconscious, your rage immediately ends, placing you in peril of death.|RageDuration|RageStrBonus|RageConBonus|RageSaveBonus|(RageConBonus/2)*TL	BONUS:VAR|RageLVL|BarbarianLVL	SOURCEPAGE:p.32

#	Defensive Training	KEY:Dwarf ~ Defensive Training	CATEGORY:Special Ability	TYPE:SpecialQuality.Extraordinary.Dwarf Racial Trait	PREMULT:1,[PREABILITY:1,CATEGORY=Special Ability,Dwarf ~ Defensive Training],[!PREABILITY:1,CATEGORY=Special Ability,TYPE.DwarfDefensiveTraining]	DEFINE:RacialDefensiveTrainingBonus|0	DESC:Dwarves get a +%1 dodge bonus to AC against humanoid creatures of the giant subtype.|RacialDefensiveTrainingBonus		BONUS:VAR|RacialDefensiveTrainingBonus|4		SOURCEPAGE:p.21	ASPECT:CombatBonus|+%1 dodge bonus to AC against humanoid creatures of the giant subtype.|RacialDefensiveTrainingBonus

#insert your data here

#==============
#Aphorite
#==============

###Block Racial Abilities
Racial Traits ~ Aphorite	CATEGORY:Internal

###Block Racial Defaults
+2 Strength +2 Intelligence, -2 Dexterity	KEY:Aphorite ~ Ability Scores			CATEGORY:Special Ability	TYPE:RacialTraits.Aphorite Racial Trait.Aphorite Racial Default.Racial Ability Scores			VISIBLE:DISPLAY	!PREFACT:1,ABILITIES,Aphorite_ReplaceAbilityScores=true																			DESC:	Aphorites are strong and intelligent, but move and react somewhat stiffly																		BONUS:STAT|STR|2|TYPE=Racial	BONUS:STAT|INT|2|TYPE=Racial	BONUS:STAT|DEX|-2|TYPE=Racial																																																													SOURCEPAGE:p.225
Medium						KEY:Aphorite ~ Size				CATEGORY:Special ABILITY	TYPE:RacialTraits.Aphorite Racial Trait.Aphorite Racial Default.SpecialQuality.Racial Size		VISIBLE:DISPLAY	!PREFACT:1,ABILITIES,Aphorite_ReplaceSize=True																					DESC:Aphorites are Medium creatures and have no bonuses of penalties due to their size.																																																																																												SOURCEPAGE:p.225
Normal Speed					KEY:Aphorite ~ Speed				CATEGORY:Special Ability	TYPE:RacialTraits.Aphorite Racial Trait.Aphorite Racial Default.SpecialQuality.Racial Speed		VISIBLE:DISPLAY	!PREFACT:1,ABILITIES,Aphorite_ReplaceSpeed=true																					DESC:Aphorites have a base speed of 30 feet																																																																																																			SOURCEPAGE:p.225
Darkvision						KEY:Aphorite ~ Vision				CATEGORY:Special Ability	TYPE:RacialTraits.Aphorite Racial Trait.Aphorite Racial Default.SpecialQuality.Racial Vision		VISIBLE:DISPLAY	!PREFACT:1,ABILITIES,Aphorite_ReplaceVision=true																				DESC:Aphorites can see in the dark up to 60 feet.																							BONUS:VAR|HasRacialVision|1																			VISION:Darkvision (60)																																																	SOURCEPAGE:p.225
Skilled						KEY:Aphorite ~ Skilled				CATEGORY:Special Ability	TYPE:RacialTraits.Aphorite Racial Trait.Aphorite Racial Default.SpecialQuality							!PREFACT:1,ABILITIES,Aphorite_ReplaceSkilled=true																				DESC:Aphorites gain a +2 racial bonus on checks with a single Craft skill of their choice.		CHOOSE:SKILL|Craft%											BONUS:SKILL|LIST|2|TYPE=Racial.STACK																																																																					SOURCEPAGE:p.225
Spell-Like Ability				KEY:Aphorite ~ Aphorite Magic			CATEGORY:Special Ability	TYPE:RacialTraits.Aphorite Racial Trait.Aphorite Racial Default.SpecialQuality.Special Quality.Applied Bonus		!PREFACT:1,ABILITIES,Aphorite_ReplaceAphoriteMagic=true		DEFINE:Aphorite_AphoriteMagic_CL|0	SPELLS:Racial|TIMES=1|CASTERLEVEL=TL|Protection from Chaos		DESC:Aphorites can use protection from chaos once per day as a spell-like ability [caster level equal to the aphorite’s class level].|Aphorite_AphoriteMagic_CL					BONUS:VAR|Aphorite_AphoriteMagic_CL|1																																																																					SOURCEPAGE:p.225
Crystalline Dust					KEY:Aphorite ~ Crystalline Dust		CATEGORY:Special Ability	TYPE:RacialTraits.Aphorite Racial Trait.Aphorite Racial Default.Supernatural								!PREFACT:1,ABILITIES,Aphorite_ReplaceAphoriteCrystallineDust=true																		DESC:An aphorite can manifest a haze of crystalline dust that forms into indistinct runes and glyphs surrounding its body. This effect grants the aphorite a 20%% miss chance against melee and ranged attacks. Activating this dust is a move action, but it can be maintained each round as a free action. The effect cannot be disrupted, but it ends immediately if the aphorite is killed, paralyzed, stunned, knocked unconscious, or otherwise prevented from taking a free action to maintain it each round. An aphorite can use this ability a number of rounds per day equal to its Hit Dice, but the rounds do not need to be consecutive.		SOURCEPAGE:p.225
Aphorite Resistances				KEY:Aphorite ~ Aphorite Resistances		CATEGORY:Special Ability	TYPE:RacialTraits.Aphorite Racial Trait.Aphorite Racial Default.SpecialQuality.Extrodinary					!PREFACT:1,ABILITIES,Aphorite_ReplaceAphoriteResistances=true																		DESC:Aphorites have electricity resistance 5 and a +2 bonus on saves versus poison and mind-affecting effects.													BONUS:VAR|ElectricityResistanceBonus|5|TYPE=Resistance	BONUS:VAR|SaveBonus_vs_Poison|2|TYPE=Racial	BONUS:VAR|SaveBonus_vs_Mind-Effects|2|TYPE=Racial																																																	SOURCEPAGE:p.225



#Every line that starts with a '#' is a comment. You may want to remove these comments, if you use this file to set up
#your own data. Remember not to put the '#' at the start of your own data, as PCGen would see it as a comment only.
#
#When Running PCGen, you can select "Help > Documentation > List Files > List File Tag Index > Feat File tags" to find
#out how the tags in the feats file work. Some of the tags used here are global tags. You will see an alphabetical
#listing of all PCGen tags to the left of the documentation window. You can find the global tags there as well.
#
# Abilities are the newest method for all aspects of class & race abilities. Currently we use hidden feats to emulate
# class and racial abilities. The advent of Abilities allows us to use one standard format for a variety of things.
# Generally Abilities are exactly the same in format as a Feat with the exception of a NEW tag CATEGORY which tells
# PCGen what the ability is to be categoried as - example: My Ability is part of the my_abilities category, So I can add
# points only to the my_abilities allowing very small and restricted lists. Another example would be Fighter Bonus feats.
#
# Feat and ability are used through out this example as they almost the same thing - ABILITY can also be used to add "Feats"
# using the CATEGORY:FEAT tag.
# You can also use PREFEAT for any CATEGORY:FEAT, for the rest you'll need to use PREABILITY:x,CATEGORY=<category>,Foo,TYPE.Bar (x is the number)
#####1st Example

#####
#Each ability takes one line, just like a feat, and the first field must be the abilities' name. In the Example the name of the ability is My Ability.
#When naming feats you should only use parentheses at the end of the name if the name is not duplicated elsewhere. This is
#because of how PCGen names abilities which can be taken multiple times. For example, the Feat/ability Weapon Focus when taken will display
#as Weapon Focus(Dagger). Another example is Armor Proficiency (Light), there is no feat named Armor Proficiency so this name
#is fine. What is happening is when PCGen finds a feat with parentheses that duplicates the name of another feat it assumes
#that feat is an instance of the one without parentheses and does not display the one with parentheses.
#
#The TYPE tag is holding a . (period) delimited list of the types the ability/feat is.
#
#The DESC tag is used to hold the description of the Ability/Feat. In our files we usually keep the description brief, so the user
#still need to own the book to make use of of the data, but for your personal files can get as elaborate as you want there.
#
#The MULT tag determines if a ability/feat can be taken multiple times. If the value is set to YES, then you MUST also use a CHOOSE
#tag.
#
#The CHOOSE tag must be paired with a MULT:YES tag in feats for it to work properly. It will display a popup window that asks
#for a selection according to what is being called for. There is a multitude of existing CHOOSE tags in PCGen. If you are
#looking into the documentation under List File Tag Index, you can find them listed under the topic "CHOOSE tags".
#
#The BONUS tags are a group of similar tags, that grant some form of Bonus to another already existing tag. To read a description
#of them, look in the List File Tag Index under the topic "Bonus tags".
#
#The SOURCEPAGE tag can be used to hold a reference to where you can find the feat. This will be displayed in PCGen.
